c:\users\reas_pc_01\documents\of_v0.9.3_vs_release\apps\myapps\structure_003a\structure_003a\obj\debug\circle.obj
c:\users\reas_pc_01\documents\of_v0.9.3_vs_release\apps\myapps\structure_003a\structure_003a\obj\debug\main.obj
c:\users\reas_pc_01\documents\of_v0.9.3_vs_release\apps\myapps\structure_003a\structure_003a\obj\debug\ofapp.obj
c:\users\reas_pc_01\documents\of_v0.9.3_vs_release\apps\myapps\structure_003a\structure_003a\obj\debug\vc140.pdb
c:\users\reas_pc_01\documents\of_v0.9.3_vs_release\apps\myapps\structure_003a\structure_003a\bin\structure_003a_debug.ilk
c:\users\reas_pc_01\documents\of_v0.9.3_vs_release\apps\myapps\structure_003a\structure_003a\bin\structure_003a_debug.exe
c:\users\reas_pc_01\documents\of_v0.9.3_vs_release\apps\myapps\structure_003a\structure_003a\bin\structure_003a_debug.pdb
c:\users\reas_pc_01\documents\of_v0.9.3_vs_release\apps\myapps\structure_003a\structure_003a\obj\debug\icon.res
c:\users\reas_pc_01\documents\of_v0.9.3_vs_release\apps\myapps\structure_003a\structure_003a\bin\structure_003a_debug.lib
c:\users\reas_pc_01\documents\of_v0.9.3_vs_release\apps\myapps\structure_003a\structure_003a\bin\structure_003a_debug.exp
c:\users\reas_pc_01\documents\of_v0.9.3_vs_release\apps\myapps\structure_003a\structure_003a\obj\debug\structure_003a.tlog\cl.command.1.tlog
c:\users\reas_pc_01\documents\of_v0.9.3_vs_release\apps\myapps\structure_003a\structure_003a\obj\debug\structure_003a.tlog\cl.read.1.tlog
c:\users\reas_pc_01\documents\of_v0.9.3_vs_release\apps\myapps\structure_003a\structure_003a\obj\debug\structure_003a.tlog\cl.write.1.tlog
c:\users\reas_pc_01\documents\of_v0.9.3_vs_release\apps\myapps\structure_003a\structure_003a\obj\debug\structure_003a.tlog\link.command.1.tlog
c:\users\reas_pc_01\documents\of_v0.9.3_vs_release\apps\myapps\structure_003a\structure_003a\obj\debug\structure_003a.tlog\link.read.1.tlog
c:\users\reas_pc_01\documents\of_v0.9.3_vs_release\apps\myapps\structure_003a\structure_003a\obj\debug\structure_003a.tlog\link.write.1.tlog
c:\users\reas_pc_01\documents\of_v0.9.3_vs_release\apps\myapps\structure_003a\structure_003a\obj\debug\structure_003a.tlog\rc.command.1.tlog
c:\users\reas_pc_01\documents\of_v0.9.3_vs_release\apps\myapps\structure_003a\structure_003a\obj\debug\structure_003a.tlog\rc.read.1.tlog
c:\users\reas_pc_01\documents\of_v0.9.3_vs_release\apps\myapps\structure_003a\structure_003a\obj\debug\structure_003a.tlog\rc.write.1.tlog
c:\users\reas_pc_01\documents\of_v0.9.3_vs_release\apps\myapps\structure_003a\structure_003a\obj\debug\structure_003a.tlog\structure_003a.write.1u.tlog
